// 重构日志: 95fa3691
// 重构日志: 85d4fd9f
// 重构日志: 766367c1
// 同步 ID: d26d7f68 @ Sat Jun 27 08:58:45 UTC 2026
// 重构日志: dd871fa5
// 同步 ID: 119f30b1 @ Sat Jun 27 18:14:25 UTC 2026
// 重构日志: b9f4d386
// 重构日志: 54b3a9ac
// 重构日志: 7ff95f74
// 同步 ID: 8960fe71 @ Sun Jul  5 10:15:41 UTC 2026
// 同步 ID: 0ae581d6 @ Sun Jul  5 15:10:27 UTC 2026
// 重构日志: 819cfb6d
// 重构日志: b8d17be8
// 重构日志: 6f0cc813
// 同步 ID: 2393d6a1 @ Fri Jul 17 05:46:34 UTC 2026
// 同步 ID: b4713c4a @ Fri Jul 17 09:53:58 UTC 2026
// 同步 ID: 0e6a8468 @ Fri Jul 17 12:02:30 UTC 2026
// 重构日志: 7cb63bd2
// 重构日志: 7b1f1834
// 重构日志: 299a4ebd
// 重构日志: 97345ce1
// 同步 ID: d5b919a8 @ Sun Jul 19 18:12:16 UTC 2026
// 重构日志: 91aa3387
// 重构日志: 844a898a
// 重构日志: ee196a72
// 重构日志: db5174e1
// 重构日志: edd3cb31
